<?xml version="1.0" encoding="utf-8"?>
<coverage line-rate="1" branch-rate="1" version="1.9" timestamp="1703514304" lines-covered="27" lines-valid="27" branches-covered="12" branches-valid="12">
  <sources>
    <source>/</source>
  </sources>
  <packages>
    <package name="ClassAssignmentAvans" line-rate="1" branch-rate="1" complexity="12">
      <classes>
        <class name="ClassAssignmentAvans.DetermineShippingCosts" filename="home/leon/code/software-kwaliteit-testen/UnitTests/ClassAssignmentAvans/DetermineShippingCosts.cs" line-rate="1" branch-rate="1" complexity="12">
          <methods>
            <method name="ShippingCosts" signature="(System.Boolean,System.String,System.Double)" line-rate="1" branch-rate="1" complexity="12">
              <lines>
                <line number="6" hits="11" branch="False" />
                <line number="7" hits="11" branch="False" />
                <line number="8" hits="11" branch="True" condition-coverage="100% (2/2)">
                  <conditions>
                    <condition number="14" type="jump" coverage="100%" />
                  </conditions>
                </line>
                <line number="9" hits="10" branch="False" />
                <line number="10" hits="10" branch="True" condition-coverage="100% (2/2)">
                  <conditions>
                    <condition number="34" type="jump" coverage="100%" />
                  </conditions>
                </line>
                <line number="11" hits="5" branch="False" />
                <line number="12" hits="5" branch="False" />
                <line number="13" hits="5" branch="False" />
                <line number="15" hits="5" branch="False" />
                <line number="16" hits="5" branch="True" condition-coverage="100% (8/8)">
                  <conditions>
                    <condition number="68" type="jump" coverage="100%" />
                    <condition number="81" type="jump" coverage="100%" />
                    <condition number="94" type="jump" coverage="100%" />
                    <condition number="107" type="jump" coverage="100%" />
                  </conditions>
                </line>
                <line number="19" hits="1" branch="False" />
                <line number="20" hits="1" branch="False" />
                <line number="22" hits="1" branch="False" />
                <line number="23" hits="1" branch="False" />
                <line number="25" hits="1" branch="False" />
                <line number="26" hits="1" branch="False" />
                <line number="28" hits="1" branch="False" />
                <line number="29" hits="1" branch="False" />
                <line number="31" hits="1" branch="False" />
                <line number="32" hits="1" branch="False" />
                <line number="34" hits="5" branch="False" />
                <line number="35" hits="10" branch="False" />
                <line number="37" hits="1" branch="False" />
                <line number="38" hits="1" branch="False" />
                <line number="39" hits="1" branch="False" />
                <line number="40" hits="11" branch="False" />
                <line number="41" hits="11" branch="False" />
              </lines>
            </method>
          </methods>
          <lines>
            <line number="6" hits="11" branch="False" />
            <line number="7" hits="11" branch="False" />
            <line number="8" hits="11" branch="True" condition-coverage="100% (2/2)">
              <conditions>
                <condition number="14" type="jump" coverage="100%" />
              </conditions>
            </line>
            <line number="9" hits="10" branch="False" />
            <line number="10" hits="10" branch="True" condition-coverage="100% (2/2)">
              <conditions>
                <condition number="34" type="jump" coverage="100%" />
              </conditions>
            </line>
            <line number="11" hits="5" branch="False" />
            <line number="12" hits="5" branch="False" />
            <line number="13" hits="5" branch="False" />
            <line number="15" hits="5" branch="False" />
            <line number="16" hits="5" branch="True" condition-coverage="100% (8/8)">
              <conditions>
                <condition number="68" type="jump" coverage="100%" />
                <condition number="81" type="jump" coverage="100%" />
                <condition number="94" type="jump" coverage="100%" />
                <condition number="107" type="jump" coverage="100%" />
              </conditions>
            </line>
            <line number="19" hits="1" branch="False" />
            <line number="20" hits="1" branch="False" />
            <line number="22" hits="1" branch="False" />
            <line number="23" hits="1" branch="False" />
            <line number="25" hits="1" branch="False" />
            <line number="26" hits="1" branch="False" />
            <line number="28" hits="1" branch="False" />
            <line number="29" hits="1" branch="False" />
            <line number="31" hits="1" branch="False" />
            <line number="32" hits="1" branch="False" />
            <line number="34" hits="5" branch="False" />
            <line number="35" hits="10" branch="False" />
            <line number="37" hits="1" branch="False" />
            <line number="38" hits="1" branch="False" />
            <line number="39" hits="1" branch="False" />
            <line number="40" hits="11" branch="False" />
            <line number="41" hits="11" branch="False" />
          </lines>
        </class>
      </classes>
    </package>
  </packages>
</coverage>